0 info it worked if it ends with ok
1 verbose cli [ '/opt/node/node-v6.1.0-linux-x64/bin/node',
1 verbose cli   '/opt/node/node-v6.1.0-linux-x64/bin/npm',
1 verbose cli   'run',
1 verbose cli   'storybook' ]
2 info using npm@3.8.6
3 info using node@v6.1.0
4 verbose run-script [ 'prestorybook', 'storybook', 'poststorybook' ]
5 info lifecycle mantra-boilerplate@0.1.0~prestorybook: mantra-boilerplate@0.1.0
6 silly lifecycle mantra-boilerplate@0.1.0~prestorybook: no script for prestorybook, continuing
7 info lifecycle mantra-boilerplate@0.1.0~storybook: mantra-boilerplate@0.1.0
8 verbose lifecycle mantra-boilerplate@0.1.0~storybook: unsafe-perm in lifecycle true
9 verbose lifecycle mantra-boilerplate@0.1.0~storybook: PATH: /opt/node/node-v6.1.0-linux-x64/lib/node_modules/npm/bin/node-gyp-bin:/home/ric/MeteorMantra/mantraboilerplate/node_modules/.bin:/opt/node/node-v6.1.0-linux-x64/bin:/usr/local/sbin:/usr/local/bin:/usr/sbin:/usr/bin:/sbin:/bin:/usr/games:/usr/local/games:/opt/node/node-v6.1.0-linux-x64/bin
10 verbose lifecycle mantra-boilerplate@0.1.0~storybook: CWD: /home/ric/MeteorMantra/mantraboilerplate
11 silly lifecycle mantra-boilerplate@0.1.0~storybook: Args: [ '-c', 'start-storybook -p 9001' ]
12 silly lifecycle mantra-boilerplate@0.1.0~storybook: Returned: code: 1  signal: null
13 info lifecycle mantra-boilerplate@0.1.0~storybook: Failed to exec storybook script
14 verbose stack Error: mantra-boilerplate@0.1.0 storybook: `start-storybook -p 9001`
14 verbose stack Exit status 1
14 verbose stack     at EventEmitter.<anonymous> (/opt/node/node-v6.1.0-linux-x64/lib/node_modules/npm/lib/utils/lifecycle.js:239:16)
14 verbose stack     at emitTwo (events.js:106:13)
14 verbose stack     at EventEmitter.emit (events.js:191:7)
14 verbose stack     at ChildProcess.<anonymous> (/opt/node/node-v6.1.0-linux-x64/lib/node_modules/npm/lib/utils/spawn.js:24:14)
14 verbose stack     at emitTwo (events.js:106:13)
14 verbose stack     at ChildProcess.emit (events.js:191:7)
14 verbose stack     at maybeClose (internal/child_process.js:850:16)
14 verbose stack     at Process.ChildProcess._handle.onexit (internal/child_process.js:215:5)
15 verbose pkgid mantra-boilerplate@0.1.0
16 verbose cwd /home/ric/MeteorMantra/mantraboilerplate
17 error Linux 3.19.0-59-generic
18 error argv "/opt/node/node-v6.1.0-linux-x64/bin/node" "/opt/node/node-v6.1.0-linux-x64/bin/npm" "run" "storybook"
19 error node v6.1.0
20 error npm  v3.8.6
21 error code ELIFECYCLE
22 error mantra-boilerplate@0.1.0 storybook: `start-storybook -p 9001`
22 error Exit status 1
23 error Failed at the mantra-boilerplate@0.1.0 storybook script 'start-storybook -p 9001'.
23 error Make sure you have the latest version of node.js and npm installed.
23 error If you do, this is most likely a problem with the mantra-boilerplate package,
23 error not with npm itself.
23 error Tell the author that this fails on your system:
23 error     start-storybook -p 9001
23 error You can get information on how to open an issue for this project with:
23 error     npm bugs mantra-boilerplate
23 error Or if that isn't available, you can get their info via:
23 error     npm owner ls mantra-boilerplate
23 error There is likely additional logging output above.
24 verbose exit [ 1, true ]
